{"numFailedTestSuites":2,"numFailedTests":6,"numPassedTestSuites":0,"numPassedTests":6,"numPendingTestSuites":0,"numPendingTests":0,"numRuntimeErrorTestSuites":1,"numTodoTests":0,"numTotalTestSuites":2,"numTotalTests":12,"openHandles":[],"snapshot":{"added":0,"didUpdate":false,"failure":false,"filesAdded":0,"filesRemoved":0,"filesRemovedList":[],"filesUnmatched":0,"filesUpdated":0,"matched":0,"total":0,"unchecked":0,"uncheckedKeysByFile":[],"unmatched":0,"updated":0},"startTime":1707740981590,"success":false,"testResults":[{"assertionResults":[],"coverage":{},"endTime":1707740983473,"message":"  ● Test suite failed to run\n\n    Your test suite must contain at least one test.\n\n      at onResult (node_modules/@jest/core/build/TestScheduler.js:133:18)\n      at node_modules/@jest/core/build/TestScheduler.js:254:19\n      at node_modules/emittery/index.js:363:13\n          at Array.map (<anonymous>)\n      at Emittery.emit (node_modules/emittery/index.js:361:23)\n","name":"/home/juan/Documents/dev/sal-portfolio-review/test.ts","startTime":1707740983473,"status":"failed","summary":""},{"assertionResults":[{"ancestorTitles":["Rubric Evaluation"],"duration":8,"failureDetails":[],"failureMessages":[],"fullName":"Rubric Evaluation 1. it should be linked to CSS stylesheet","invocations":1,"location":null,"numPassingAsserts":1,"retryReasons":[],"status":"passed","title":"1. it should be linked to CSS stylesheet"},{"ancestorTitles":["Rubric Evaluation"],"duration":2,"failureDetails":[{"matcherResult":{"message":"expect(received).toBeTruthy()\n\nReceived: null","pass":false}}],"failureMessages":["Error: expect(received).toBeTruthy()\n\nReceived: null\n    at Object.toBeTruthy (/home/juan/Documents/dev/sal-portfolio-review/front.spec.js:24:32)\n    at Promise.then.completed (/home/juan/Documents/dev/sal-portfolio-review/node_modules/jest-circus/build/utils.js:298:28)\n    at new Promise (<anonymous>)\n    at callAsyncCircusFn (/home/juan/Documents/dev/sal-portfolio-review/node_modules/jest-circus/build/utils.js:231:10)\n    at _callCircusTest (/home/juan/Documents/dev/sal-portfolio-review/node_modules/jest-circus/build/run.js:316:40)\n    at processTicksAndRejections (node:internal/process/task_queues:95:5)\n    at _runTest (/home/juan/Documents/dev/sal-portfolio-review/node_modules/jest-circus/build/run.js:252:3)\n    at _runTestsForDescribeBlock (/home/juan/Documents/dev/sal-portfolio-review/node_modules/jest-circus/build/run.js:126:9)\n    at _runTestsForDescribeBlock (/home/juan/Documents/dev/sal-portfolio-review/node_modules/jest-circus/build/run.js:121:9)\n    at run (/home/juan/Documents/dev/sal-portfolio-review/node_modules/jest-circus/build/run.js:71:3)\n    at runAndTransformResultsToJestFormat (/home/juan/Documents/dev/sal-portfolio-review/node_modules/jest-circus/build/legacy-code-todo-rewrite/jestAdapterInit.js:122:21)\n    at jestAdapter (/home/juan/Documents/dev/sal-portfolio-review/node_modules/jest-circus/build/legacy-code-todo-rewrite/jestAdapter.js:79:19)\n    at runTestInternal (/home/juan/Documents/dev/sal-portfolio-review/node_modules/jest-runner/build/runTest.js:367:16)\n    at runTest (/home/juan/Documents/dev/sal-portfolio-review/node_modules/jest-runner/build/runTest.js:444:34)\n    at Object.worker (/home/juan/Documents/dev/sal-portfolio-review/node_modules/jest-runner/build/testWorker.js:106:12)"],"fullName":"Rubric Evaluation 2. it should have a welcome section","invocations":1,"location":null,"numPassingAsserts":0,"retryReasons":[],"status":"failed","title":"2. it should have a welcome section"},{"ancestorTitles":["Rubric Evaluation"],"duration":0,"failureDetails":[{}],"failureMessages":["TypeError: Cannot read properties of null (reading 'querySelector')\n    at Object.querySelector (/home/juan/Documents/dev/sal-portfolio-review/front.spec.js:28:42)\n    at Promise.then.completed (/home/juan/Documents/dev/sal-portfolio-review/node_modules/jest-circus/build/utils.js:298:28)\n    at new Promise (<anonymous>)\n    at callAsyncCircusFn (/home/juan/Documents/dev/sal-portfolio-review/node_modules/jest-circus/build/utils.js:231:10)\n    at _callCircusTest (/home/juan/Documents/dev/sal-portfolio-review/node_modules/jest-circus/build/run.js:316:40)\n    at processTicksAndRejections (node:internal/process/task_queues:95:5)\n    at _runTest (/home/juan/Documents/dev/sal-portfolio-review/node_modules/jest-circus/build/run.js:252:3)\n    at _runTestsForDescribeBlock (/home/juan/Documents/dev/sal-portfolio-review/node_modules/jest-circus/build/run.js:126:9)\n    at _runTestsForDescribeBlock (/home/juan/Documents/dev/sal-portfolio-review/node_modules/jest-circus/build/run.js:121:9)\n    at run (/home/juan/Documents/dev/sal-portfolio-review/node_modules/jest-circus/build/run.js:71:3)\n    at runAndTransformResultsToJestFormat (/home/juan/Documents/dev/sal-portfolio-review/node_modules/jest-circus/build/legacy-code-todo-rewrite/jestAdapterInit.js:122:21)\n    at jestAdapter (/home/juan/Documents/dev/sal-portfolio-review/node_modules/jest-circus/build/legacy-code-todo-rewrite/jestAdapter.js:79:19)\n    at runTestInternal (/home/juan/Documents/dev/sal-portfolio-review/node_modules/jest-runner/build/runTest.js:367:16)\n    at runTest (/home/juan/Documents/dev/sal-portfolio-review/node_modules/jest-runner/build/runTest.js:444:34)\n    at Object.worker (/home/juan/Documents/dev/sal-portfolio-review/node_modules/jest-runner/build/testWorker.js:106:12)"],"fullName":"Rubric Evaluation 3. it should have a h1 element containing text inside welcome section","invocations":1,"location":null,"numPassingAsserts":0,"retryReasons":[],"status":"failed","title":"3. it should have a h1 element containing text inside welcome section"},{"ancestorTitles":["Rubric Evaluation"],"duration":1,"failureDetails":[{"matcherResult":{"message":"expect(received).toBeTruthy()\n\nReceived: null","pass":false}}],"failureMessages":["Error: expect(received).toBeTruthy()\n\nReceived: null\n    at Object.toBeTruthy (/home/juan/Documents/dev/sal-portfolio-review/front.spec.js:34:33)\n    at Promise.then.completed (/home/juan/Documents/dev/sal-portfolio-review/node_modules/jest-circus/build/utils.js:298:28)\n    at new Promise (<anonymous>)\n    at callAsyncCircusFn (/home/juan/Documents/dev/sal-portfolio-review/node_modules/jest-circus/build/utils.js:231:10)\n    at _callCircusTest (/home/juan/Documents/dev/sal-portfolio-review/node_modules/jest-circus/build/run.js:316:40)\n    at processTicksAndRejections (node:internal/process/task_queues:95:5)\n    at _runTest (/home/juan/Documents/dev/sal-portfolio-review/node_modules/jest-circus/build/run.js:252:3)\n    at _runTestsForDescribeBlock (/home/juan/Documents/dev/sal-portfolio-review/node_modules/jest-circus/build/run.js:126:9)\n    at _runTestsForDescribeBlock (/home/juan/Documents/dev/sal-portfolio-review/node_modules/jest-circus/build/run.js:121:9)\n    at run (/home/juan/Documents/dev/sal-portfolio-review/node_modules/jest-circus/build/run.js:71:3)\n    at runAndTransformResultsToJestFormat (/home/juan/Documents/dev/sal-portfolio-review/node_modules/jest-circus/build/legacy-code-todo-rewrite/jestAdapterInit.js:122:21)\n    at jestAdapter (/home/juan/Documents/dev/sal-portfolio-review/node_modules/jest-circus/build/legacy-code-todo-rewrite/jestAdapter.js:79:19)\n    at runTestInternal (/home/juan/Documents/dev/sal-portfolio-review/node_modules/jest-runner/build/runTest.js:367:16)\n    at runTest (/home/juan/Documents/dev/sal-portfolio-review/node_modules/jest-runner/build/runTest.js:444:34)\n    at Object.worker (/home/juan/Documents/dev/sal-portfolio-review/node_modules/jest-runner/build/testWorker.js:106:12)"],"fullName":"Rubric Evaluation 4. it should have a Projects section with id of projects","invocations":1,"location":null,"numPassingAsserts":0,"retryReasons":[],"status":"failed","title":"4. it should have a Projects section with id of projects"},{"ancestorTitles":["Rubric Evaluation"],"duration":1,"failureDetails":[{}],"failureMessages":["TypeError: Cannot read properties of null (reading 'querySelectorAll')\n    at Object.querySelectorAll (/home/juan/Documents/dev/sal-portfolio-review/front.spec.js:39:47)\n    at Promise.then.completed (/home/juan/Documents/dev/sal-portfolio-review/node_modules/jest-circus/build/utils.js:298:28)\n    at new Promise (<anonymous>)\n    at callAsyncCircusFn (/home/juan/Documents/dev/sal-portfolio-review/node_modules/jest-circus/build/utils.js:231:10)\n    at _callCircusTest (/home/juan/Documents/dev/sal-portfolio-review/node_modules/jest-circus/build/run.js:316:40)\n    at processTicksAndRejections (node:internal/process/task_queues:95:5)\n    at _runTest (/home/juan/Documents/dev/sal-portfolio-review/node_modules/jest-circus/build/run.js:252:3)\n    at _runTestsForDescribeBlock (/home/juan/Documents/dev/sal-portfolio-review/node_modules/jest-circus/build/run.js:126:9)\n    at _runTestsForDescribeBlock (/home/juan/Documents/dev/sal-portfolio-review/node_modules/jest-circus/build/run.js:121:9)\n    at run (/home/juan/Documents/dev/sal-portfolio-review/node_modules/jest-circus/build/run.js:71:3)\n    at runAndTransformResultsToJestFormat (/home/juan/Documents/dev/sal-portfolio-review/node_modules/jest-circus/build/legacy-code-todo-rewrite/jestAdapterInit.js:122:21)\n    at jestAdapter (/home/juan/Documents/dev/sal-portfolio-review/node_modules/jest-circus/build/legacy-code-todo-rewrite/jestAdapter.js:79:19)\n    at runTestInternal (/home/juan/Documents/dev/sal-portfolio-review/node_modules/jest-runner/build/runTest.js:367:16)\n    at runTest (/home/juan/Documents/dev/sal-portfolio-review/node_modules/jest-runner/build/runTest.js:444:34)\n    at Object.worker (/home/juan/Documents/dev/sal-portfolio-review/node_modules/jest-runner/build/testWorker.js:106:12)"],"fullName":"Rubric Evaluation 5. Projects section should contain at least one project title","invocations":1,"location":null,"numPassingAsserts":0,"retryReasons":[],"status":"failed","title":"5. Projects section should contain at least one project title"},{"ancestorTitles":["Rubric Evaluation"],"duration":1,"failureDetails":[{}],"failureMessages":["TypeError: Cannot read properties of null (reading 'querySelectorAll')\n    at Object.querySelectorAll (/home/juan/Documents/dev/sal-portfolio-review/front.spec.js:44:46)\n    at Promise.then.completed (/home/juan/Documents/dev/sal-portfolio-review/node_modules/jest-circus/build/utils.js:298:28)\n    at new Promise (<anonymous>)\n    at callAsyncCircusFn (/home/juan/Documents/dev/sal-portfolio-review/node_modules/jest-circus/build/utils.js:231:10)\n    at _callCircusTest (/home/juan/Documents/dev/sal-portfolio-review/node_modules/jest-circus/build/run.js:316:40)\n    at processTicksAndRejections (node:internal/process/task_queues:95:5)\n    at _runTest (/home/juan/Documents/dev/sal-portfolio-review/node_modules/jest-circus/build/run.js:252:3)\n    at _runTestsForDescribeBlock (/home/juan/Documents/dev/sal-portfolio-review/node_modules/jest-circus/build/run.js:126:9)\n    at _runTestsForDescribeBlock (/home/juan/Documents/dev/sal-portfolio-review/node_modules/jest-circus/build/run.js:121:9)\n    at run (/home/juan/Documents/dev/sal-portfolio-review/node_modules/jest-circus/build/run.js:71:3)\n    at runAndTransformResultsToJestFormat (/home/juan/Documents/dev/sal-portfolio-review/node_modules/jest-circus/build/legacy-code-todo-rewrite/jestAdapterInit.js:122:21)\n    at jestAdapter (/home/juan/Documents/dev/sal-portfolio-review/node_modules/jest-circus/build/legacy-code-todo-rewrite/jestAdapter.js:79:19)\n    at runTestInternal (/home/juan/Documents/dev/sal-portfolio-review/node_modules/jest-runner/build/runTest.js:367:16)\n    at runTest (/home/juan/Documents/dev/sal-portfolio-review/node_modules/jest-runner/build/runTest.js:444:34)\n    at Object.worker (/home/juan/Documents/dev/sal-portfolio-review/node_modules/jest-runner/build/testWorker.js:106:12)"],"fullName":"Rubric Evaluation 6. Projects section should contain at least one link","invocations":1,"location":null,"numPassingAsserts":0,"retryReasons":[],"status":"failed","title":"6. Projects section should contain at least one link"},{"ancestorTitles":["Rubric Evaluation"],"duration":1,"failureDetails":[],"failureMessages":[],"fullName":"Rubric Evaluation 7. Navbar exists with id of navbar","invocations":1,"location":null,"numPassingAsserts":1,"retryReasons":[],"status":"passed","title":"7. Navbar exists with id of navbar"},{"ancestorTitles":["Rubric Evaluation"],"duration":9,"failureDetails":[],"failureMessages":[],"fullName":"Rubric Evaluation 8. Navbar shoul contain at least one clickable link","invocations":1,"location":null,"numPassingAsserts":2,"retryReasons":[],"status":"passed","title":"8. Navbar shoul contain at least one clickable link"},{"ancestorTitles":["Rubric Evaluation"],"duration":1,"failureDetails":[{}],"failureMessages":["TypeError: Cannot read properties of null (reading 'getAttribute')\n    at Object.getAttribute (/home/juan/Documents/dev/sal-portfolio-review/front.spec.js:60:33)\n    at Promise.then.completed (/home/juan/Documents/dev/sal-portfolio-review/node_modules/jest-circus/build/utils.js:298:28)\n    at new Promise (<anonymous>)\n    at callAsyncCircusFn (/home/juan/Documents/dev/sal-portfolio-review/node_modules/jest-circus/build/utils.js:231:10)\n    at _callCircusTest (/home/juan/Documents/dev/sal-portfolio-review/node_modules/jest-circus/build/run.js:316:40)\n    at processTicksAndRejections (node:internal/process/task_queues:95:5)\n    at _runTest (/home/juan/Documents/dev/sal-portfolio-review/node_modules/jest-circus/build/run.js:252:3)\n    at _runTestsForDescribeBlock (/home/juan/Documents/dev/sal-portfolio-review/node_modules/jest-circus/build/run.js:126:9)\n    at _runTestsForDescribeBlock (/home/juan/Documents/dev/sal-portfolio-review/node_modules/jest-circus/build/run.js:121:9)\n    at run (/home/juan/Documents/dev/sal-portfolio-review/node_modules/jest-circus/build/run.js:71:3)\n    at runAndTransformResultsToJestFormat (/home/juan/Documents/dev/sal-portfolio-review/node_modules/jest-circus/build/legacy-code-todo-rewrite/jestAdapterInit.js:122:21)\n    at jestAdapter (/home/juan/Documents/dev/sal-portfolio-review/node_modules/jest-circus/build/legacy-code-todo-rewrite/jestAdapter.js:79:19)\n    at runTestInternal (/home/juan/Documents/dev/sal-portfolio-review/node_modules/jest-runner/build/runTest.js:367:16)\n    at runTest (/home/juan/Documents/dev/sal-portfolio-review/node_modules/jest-runner/build/runTest.js:444:34)\n    at Object.worker (/home/juan/Documents/dev/sal-portfolio-review/node_modules/jest-runner/build/testWorker.js:106:12)"],"fullName":"Rubric Evaluation Profile link exists and opens in a new tab","invocations":1,"location":null,"numPassingAsserts":0,"retryReasons":[],"status":"failed","title":"Profile link exists and opens in a new tab"},{"ancestorTitles":["Rubric Evaluation"],"duration":1,"failureDetails":[],"failureMessages":[],"fullName":"Rubric Evaluation 10. CSS file contains at least one media query","invocations":1,"location":null,"numPassingAsserts":1,"retryReasons":[],"status":"passed","title":"10. CSS file contains at least one media query"},{"ancestorTitles":["Rubric Evaluation"],"duration":3,"failureDetails":[],"failureMessages":[],"fullName":"Rubric Evaluation 11. Welcome section height is equal to viewport height","invocations":1,"location":null,"numPassingAsserts":0,"retryReasons":[],"status":"passed","title":"11. Welcome section height is equal to viewport height"},{"ancestorTitles":["Rubric Evaluation"],"duration":1,"failureDetails":[],"failureMessages":[],"fullName":"Rubric Evaluation 12. Navbar is always fixed at the top of the viewport","invocations":1,"location":null,"numPassingAsserts":1,"retryReasons":[],"status":"passed","title":"12. Navbar is always fixed at the top of the viewport"}],"endTime":1707740983437,"message":"  ● Rubric Evaluation › 2. it should have a welcome section\n\n    expect(received).toBeTruthy()\n\n    Received: null\n\n      22 |     test('2. it should have a welcome section', () => {\n      23 |         const welcomeSection = htmlDoc.getElementById('welcome-section');\n    > 24 |         expect(welcomeSection).toBeTruthy();\n         |                                ^\n      25 |     });\n      26 |     test('3. it should have a h1 element containing text inside welcome section', () => {\n      27 |         const welcomeSection = htmlDoc.getElementById('welcome-section');\n\n      at Object.toBeTruthy (front.spec.js:24:32)\n\n  ● Rubric Evaluation › 3. it should have a h1 element containing text inside welcome section\n\n    TypeError: Cannot read properties of null (reading 'querySelector')\n\n      26 |     test('3. it should have a h1 element containing text inside welcome section', () => {\n      27 |         const welcomeSection = htmlDoc.getElementById('welcome-section');\n    > 28 |         const h1Element = welcomeSection.querySelector('h1');\n         |                                          ^\n      29 |         expect(h1Element).toBeTruthy();\n      30 |         expect(h1Element.textContent.trim()).not.toBe('');\n      31 |     });\n\n      at Object.querySelector (front.spec.js:28:42)\n\n  ● Rubric Evaluation › 4. it should have a Projects section with id of projects\n\n    expect(received).toBeTruthy()\n\n    Received: null\n\n      32 |     test('4. it should have a Projects section with id of projects', () => {\n      33 |         const projectsSection = htmlDoc.getElementById('projects');\n    > 34 |         expect(projectsSection).toBeTruthy();\n         |                                 ^\n      35 |     });\n      36 |\n      37 |     test('5. Projects section should contain at least one project title', () => {\n\n      at Object.toBeTruthy (front.spec.js:34:33)\n\n  ● Rubric Evaluation › 5. Projects section should contain at least one project title\n\n    TypeError: Cannot read properties of null (reading 'querySelectorAll')\n\n      37 |     test('5. Projects section should contain at least one project title', () => {\n      38 |         const projectsSection = htmlDoc.getElementById('projects');\n    > 39 |         const projectTitles = projectsSection.querySelectorAll('.project-title');\n         |                                               ^\n      40 |         expect(projectTitles.length).toBeGreaterThan(0);\n      41 |     });\n      42 |     test('6. Projects section should contain at least one link', () => {\n\n      at Object.querySelectorAll (front.spec.js:39:47)\n\n  ● Rubric Evaluation › 6. Projects section should contain at least one link\n\n    TypeError: Cannot read properties of null (reading 'querySelectorAll')\n\n      42 |     test('6. Projects section should contain at least one link', () => {\n      43 |         const projectsSection = htmlDoc.getElementById('projects');\n    > 44 |         const projectLinks = projectsSection.querySelectorAll('a');\n         |                                              ^\n      45 |         expect(projectLinks.length).toBeGreaterThan(0);\n      46 |     });\n      47 |     test('7. Navbar exists with id of navbar', () => {\n\n      at Object.querySelectorAll (front.spec.js:44:46)\n\n  ● Rubric Evaluation › Profile link exists and opens in a new tab\n\n    TypeError: Cannot read properties of null (reading 'getAttribute')\n\n      58 |     test('Profile link exists and opens in a new tab', () => {\n      59 |         const profileLink = htmlDoc.getElementById('profile-link');\n    > 60 |         const src = profileLink.getAttribute('href');\n         |                                 ^\n      61 |         expect(profileLink).toBeTruthy();\n      62 |         expect(profileLink.getAttribute('target')).toBe('_blank');\n      63 |         // expect src to link to github or linkedin\n\n      at Object.getAttribute (front.spec.js:60:33)\n","name":"/home/juan/Documents/dev/sal-portfolio-review/front.spec.js","startTime":1707740982429,"status":"failed","summary":""}],"wasInterrupted":false}
